\BOOKMARK [1][-]{section.1}{Introduction}{}% 1
\BOOKMARK [2][-]{subsection.1.1}{One-step methods}{section.1}% 2
\BOOKMARK [2][-]{subsection.1.2}{Zero Stability}{section.1}% 3
\BOOKMARK [2][-]{subsection.1.3}{Convergence analysis}{section.1}% 4
\BOOKMARK [2][-]{subsection.1.4}{Absolute stability}{section.1}% 5
\BOOKMARK [2][-]{subsection.1.5}{Runge-Kutta methods}{section.1}% 6
\BOOKMARK [3][-]{subsubsection.1.5.1}{Absolute stability for RK methods}{subsection.1.5}% 7
\BOOKMARK [1][-]{section.2}{The program}{}% 8
\BOOKMARK [2][-]{subsection.2.1}{Implementation}{section.2}% 9
\BOOKMARK [2][-]{subsection.2.2}{Running the program}{section.2}% 10
\BOOKMARK [2][-]{subsection.2.3}{Testing correctness}{section.2}% 11
\BOOKMARK [2][-]{subsection.2.4}{Results of the tests}{section.2}% 12
\BOOKMARK [3][-]{subsubsection.2.4.1}{Solutions to the AD equation}{subsection.2.4}% 13
\BOOKMARK [3][-]{subsubsection.2.4.2}{Small P\351clet numbers}{subsection.2.4}% 14
\BOOKMARK [3][-]{subsubsection.2.4.3}{P\351clet number close or equal to 1}{subsection.2.4}% 15
\BOOKMARK [3][-]{subsubsection.2.4.4}{Large P\351clet number}{subsection.2.4}% 16
\BOOKMARK [2][-]{subsection.2.5}{Error analysis and order of convergence}{section.2}% 17
\BOOKMARK [1][-]{section.3}{Conclusive remarks}{}% 18
\BOOKMARK [2][-]{subsection.3.1}{Memory}{section.3}% 19
\BOOKMARK [2][-]{subsection.3.2}{Performances}{section.3}% 20
